# JRE version: OpenJDK Runtime Environment (8.0_242-b01) (build 1.8.0_242-release-1644-b01)
# Java VM: OpenJDK 64-Bit Server VM (25.242-b01 mixed mode windows-amd64 compressed oops)
Heap:
 PSYoungGen      total 202240K, used 108124K [0x00000000e0000000, 0x00000000eec00000, 0x0000000100000000)
  eden space 171008K, 51% used [0x00000000e0000000,0x00000000e5538328,0x00000000ea700000)
  from space 31232K, 66% used [0x00000000ea700000,0x00000000ebb5ee08,0x00000000ec580000)
  to   space 24064K, 0% used [0x00000000ec580000,0x00000000ec580000,0x00000000edd00000)
 ParOldGen       total 115712K, used 66391K [0x00000000a0000000, 0x00000000a7100000, 0x00000000e0000000)
  object space 115712K, 57% used [0x00000000a0000000,0x00000000a40d5e68,0x00000000a7100000)
 Metaspace       used 82693K, capacity 86156K, committed 86292K, reserved 1124352K
  class space    used 11097K, capacity 11763K, committed 11836K, reserved 1048576K
GC Heap History (10 events):
Event: 24.269 GC heap before
{Heap before GC invocations=14 (full 2):
 PSYoungGen      total 154112K, used 125003K [0x00000000e0000000, 0x00000000ebd80000, 0x0000000100000000)
  eden space 141312K, 79% used [0x00000000e0000000,0x00000000e6d96970,0x00000000e8a00000)
  from space 12800K, 99% used [0x00000000e8a00000,0x00000000e967c660,0x00000000e9680000)
  to   space 16896K, 0% used [0x00000000ead00000,0x00000000ead00000,0x00000000ebd80000)
 ParOldGen       total 70144K, used 21382K [0x00000000a0000000, 0x00000000a4480000, 0x00000000e0000000)
  object space 70144K, 30% used [0x00000000a0000000,0x00000000a14e19a8,0x00000000a4480000)
 Metaspace       used 57161K, capacity 58958K, committed 59028K, reserved 1099776K
  class space    used 7676K, capacity 8098K, committed 8124K, reserved 1048576K
Event: 24.336 GC heap after
Heap after GC invocations=14 (full 2):
 PSYoungGen      total 172544K, used 16868K [0x00000000e0000000, 0x00000000ec780000, 0x0000000100000000)
  eden space 155648K, 0% used [0x00000000e0000000,0x00000000e0000000,0x00000000e9800000)
  from space 16896K, 99% used [0x00000000ead00000,0x00000000ebd79380,0x00000000ebd80000)
  to   space 21504K, 0% used [0x00000000e9800000,0x00000000e9800000,0x00000000ead00000)
 ParOldGen       total 70144K, used 26858K [0x00000000a0000000, 0x00000000a4480000, 0x00000000e0000000)
  object space 70144K, 38% used [0x00000000a0000000,0x00000000a1a3a848,0x00000000a4480000)
 Metaspace       used 57161K, capacity 58958K, committed 59028K, reserved 1099776K
  class space    used 7676K, capacity 8098K, committed 8124K, reserved 1048576K
}
Event: 24.336 GC heap before
{Heap before GC invocations=15 (full 3):
 PSYoungGen      total 172544K, used 16868K [0x00000000e0000000, 0x00000000ec780000, 0x0000000100000000)
  eden space 155648K, 0% used [0x00000000e0000000,0x00000000e0000000,0x00000000e9800000)
  from space 16896K, 99% used [0x00000000ead00000,0x00000000ebd79380,0x00000000ebd80000)
  to   space 21504K, 0% used [0x00000000e9800000,0x00000000e9800000,0x00000000ead00000)
 ParOldGen       total 70144K, used 26858K [0x00000000a0000000, 0x00000000a4480000, 0x00000000e0000000)
  object space 70144K, 38% used [0x00000000a0000000,0x00000000a1a3a848,0x00000000a4480000)
 Metaspace       used 57161K, capacity 58958K, committed 59028K, reserved 1099776K
  class space    used 7676K, capacity 8098K, committed 8124K, reserved 1048576K
Event: 25.137 GC heap after
Heap after GC invocations=15 (full 3):
 PSYoungGen      total 172544K, used 0K [0x00000000e0000000, 0x00000000ec780000, 0x0000000100000000)
  eden space 155648K, 0% used [0x00000000e0000000,0x00000000e0000000,0x00000000e9800000)
  from space 16896K, 0% used [0x00000000ead00000,0x00000000ead00000,0x00000000ebd80000)
  to   space 21504K, 0% used [0x00000000e9800000,0x00000000e9800000,0x00000000ead00000)
 ParOldGen       total 115712K, used 34584K [0x00000000a0000000, 0x00000000a7100000, 0x00000000e0000000)
  object space 115712K, 29% used [0x00000000a0000000,0x00000000a21c62e0,0x00000000a7100000)
 Metaspace       used 57133K, capacity 58864K, committed 59028K, reserved 1099776K
  class space    used 7668K, capacity 8089K, committed 8124K, reserved 1048576K
}
Event: 31.951 GC heap before
{Heap before GC invocations=16 (full 3):
 PSYoungGen      total 172544K, used 155648K [0x00000000e0000000, 0x00000000ec780000, 0x0000000100000000)
  eden space 155648K, 100% used [0x00000000e0000000,0x00000000e9800000,0x00000000e9800000)
  from space 16896K, 0% used [0x00000000ead00000,0x00000000ead00000,0x00000000ebd80000)
  to   space 21504K, 0% used [0x00000000e9800000,0x00000000e9800000,0x00000000ead00000)
 ParOldGen       total 115712K, used 34584K [0x00000000a0000000, 0x00000000a7100000, 0x00000000e0000000)
  object space 115712K, 29% used [0x00000000a0000000,0x00000000a21c62e0,0x00000000a7100000)
 Metaspace       used 66962K, capacity 69566K, committed 69780K, reserved 1110016K
  class space    used 9037K, capacity 9580K, committed 9660K, reserved 1048576K
Event: 32.149 GC heap after
Heap after GC invocations=16 (full 3):
 PSYoungGen      total 177152K, used 18416K [0x00000000e0000000, 0x00000000edd00000, 0x0000000100000000)
  eden space 155648K, 0% used [0x00000000e0000000,0x00000000e0000000,0x00000000e9800000)
  from space 21504K, 85% used [0x00000000e9800000,0x00000000ea9fc340,0x00000000ead00000)
  to   space 24064K, 0% used [0x00000000ec580000,0x00000000ec580000,0x00000000edd00000)
 ParOldGen       total 115712K, used 34592K [0x00000000a0000000, 0x00000000a7100000, 0x00000000e0000000)
  object space 115712K, 29% used [0x00000000a0000000,0x00000000a21c82e0,0x00000000a7100000)
 Metaspace       used 66962K, capacity 69566K, committed 69780K, reserved 1110016K
  class space    used 9037K, capacity 9580K, committed 9660K, reserved 1048576K
}
Event: 40.896 GC heap before
{Heap before GC invocations=17 (full 3):
 PSYoungGen      total 177152K, used 174064K [0x00000000e0000000, 0x00000000edd00000, 0x0000000100000000)
  eden space 155648K, 100% used [0x00000000e0000000,0x00000000e9800000,0x00000000e9800000)
  from space 21504K, 85% used [0x00000000e9800000,0x00000000ea9fc340,0x00000000ead00000)
  to   space 24064K, 0% used [0x00000000ec580000,0x00000000ec580000,0x00000000edd00000)
 ParOldGen       total 115712K, used 34592K [0x00000000a0000000, 0x00000000a7100000, 0x00000000e0000000)
  object space 115712K, 29% used [0x00000000a0000000,0x00000000a21c82e0,0x00000000a7100000)
 Metaspace       used 70826K, capacity 73582K, committed 73748K, reserved 1114112K
  class space    used 9481K, capacity 10022K, committed 10044K, reserved 1048576K
Event: 41.080 GC heap after
Heap after GC invocations=17 (full 3):
 PSYoungGen      total 195072K, used 24043K [0x00000000e0000000, 0x00000000eec00000, 0x0000000100000000)
  eden space 171008K, 0% used [0x00000000e0000000,0x00000000e0000000,0x00000000ea700000)
  from space 24064K, 99% used [0x00000000ec580000,0x00000000edcfac38,0x00000000edd00000)
  to   space 31232K, 0% used [0x00000000ea700000,0x00000000ea700000,0x00000000ec580000)
 ParOldGen       total 115712K, used 43316K [0x00000000a0000000, 0x00000000a7100000, 0x00000000e0000000)
  object space 115712K, 37% used [0x00000000a0000000,0x00000000a2a4d3d8,0x00000000a7100000)
 Metaspace       used 70826K, capacity 73582K, committed 73748K, reserved 1114112K
  class space    used 9481K, capacity 10022K, committed 10044K, reserved 1048576K
}
Event: 45.490 GC heap before
{Heap before GC invocations=18 (full 3):
 PSYoungGen      total 195072K, used 195051K [0x00000000e0000000, 0x00000000eec00000, 0x0000000100000000)
  eden space 171008K, 100% used [0x00000000e0000000,0x00000000ea700000,0x00000000ea700000)
  from space 24064K, 99% used [0x00000000ec580000,0x00000000edcfac38,0x00000000edd00000)
  to   space 31232K, 0% used [0x00000000ea700000,0x00000000ea700000,0x00000000ec580000)
 ParOldGen       total 115712K, used 43316K [0x00000000a0000000, 0x00000000a7100000, 0x00000000e0000000)
  object space 115712K, 37% used [0x00000000a0000000,0x00000000a2a4d3d8,0x00000000a7100000)
 Metaspace       used 78496K, capacity 81740K, committed 81812K, reserved 1120256K
  class space    used 10554K, capacity 11179K, committed 11196K, reserved 1048576K
Event: 45.920 GC heap after
Heap after GC invocations=18 (full 3):
 PSYoungGen      total 202240K, used 20859K [0x00000000e0000000, 0x00000000eec00000, 0x0000000100000000)
  eden space 171008K, 0% used [0x00000000e0000000,0x00000000e0000000,0x00000000ea700000)
  from space 31232K, 66% used [0x00000000ea700000,0x00000000ebb5ee08,0x00000000ec580000)
  to   space 24064K, 0% used [0x00000000ec580000,0x00000000ec580000,0x00000000edd00000)
 ParOldGen       total 115712K, used 66391K [0x00000000a0000000, 0x00000000a7100000, 0x00000000e0000000)
  object space 115712K, 57% used [0x00000000a0000000,0x00000000a40d5e68,0x00000000a7100000)
 Metaspace       used 78496K, capacity 81740K, committed 81812K, reserved 1120256K
  class space    used 10554K, capacity 11179K, committed 11196K, reserved 1048576K
}

